<?xml version="1.0" encoding="UTF-8"?>
<!-- Generated by org.testng.reporters.JUnitReportReporter -->
<testsuite hostname="DESKTOP-ITDLIUM" failures="0" tests="1" name="testngpkg.Fblogintest" time="10.012" errors="0" timestamp="2023-11-29T11:36:55 IST" skipped="0">
  <testcase classname="testngpkg.Fblogintest" name="test" time="10.012"/>
  <system-out/>
</testsuite> <!-- testngpkg.Fblogintest -->
