<?xml version="1.0" encoding="UTF-8"?>
<!-- Generated by org.testng.reporters.JUnitReportReporter -->
<testsuite hostname="DESKTOP-ITDLIUM" failures="0" tests="1" name="testngpkg.Trivagodatepicker" time="1.298" errors="0" timestamp="2023-11-30T13:19:54 IST" skipped="0">
  <testcase classname="testngpkg.Trivagodatepicker" name="datepickertest" time="1.298"/>
  <system-out/>
</testsuite> <!-- testngpkg.Trivagodatepicker -->
