<?xml version="1.0" encoding="UTF-8"?>
<!-- Generated by org.testng.reporters.JUnitReportReporter -->
<testsuite hostname="DESKTOP-ITDLIUM" failures="0" tests="1" name="testngpkg.Guru99testupload" time="0.529" errors="0" timestamp="2023-11-17T11:55:49 IST" skipped="0">
  <testcase classname="testngpkg.Guru99testupload" name="gurutest" time="0.529"/>
  <system-out/>
</testsuite> <!-- testngpkg.Guru99testupload -->
