<?xml version="1.0" encoding="UTF-8"?>
<!-- Generated by org.testng.reporters.JUnitReportReporter -->
<testsuite hostname="DESKTOP-ITDLIUM" failures="0" tests="1" name="testngpkg.Lovepdf" time="3.910" errors="0" timestamp="2023-11-17T12:49:24 IST" skipped="0">
  <testcase classname="testngpkg.Lovepdf" name="pdftest" time="3.910"/>
  <system-out/>
</testsuite> <!-- testngpkg.Lovepdf -->
