<?xml version="1.0" encoding="UTF-8"?>
<!-- Generated by org.testng.reporters.JUnitReportReporter -->
<testsuite hostname="DESKTOP-ITDLIUM" failures="0" tests="4" name="testngpkg.Testngdemo" time="0.074" errors="0" timestamp="2023-11-10T12:41:31 IST" skipped="1">
  <testcase classname="testngpkg.Testngdemo" name="test2" time="0.024"/>
  <system-out/>
  <testcase classname="testngpkg.Testngdemo" name="test2" time="0.018"/>
  <system-out/>
  <testcase classname="testngpkg.Testngdemo" name="test2" time="0.032"/>
  <system-out/>
  <testcase classname="testngpkg.Testngdemo" name="test1">
    <skipped/>
  </testcase> <!-- test1 -->
  <system-out/>
</testsuite> <!-- testngpkg.Testngdemo -->
