<?xml version="1.0" encoding="UTF-8"?>
<!-- Generated by org.testng.reporters.JUnitReportReporter -->
<testsuite hostname="DESKTOP-ITDLIUM" failures="0" tests="1" name="testngpkg.Windowhandler" time="10.589" errors="0" timestamp="2023-11-23T12:31:07 IST" skipped="0">
  <testcase classname="testngpkg.Windowhandler" name="test" time="10.589"/>
  <system-out/>
</testsuite> <!-- testngpkg.Windowhandler -->
