<?xml version="1.0" encoding="UTF-8"?>
<!-- Generated by org.testng.reporters.JUnitReportReporter -->
<testsuite hostname="DESKTOP-ITDLIUM" failures="0" tests="1" name="testngpkg.Ebay" time="3.095" errors="0" timestamp="2023-11-15T12:02:59 IST" skipped="0">
  <testcase classname="testngpkg.Ebay" name="test" time="3.095"/>
  <system-out/>
</testsuite> <!-- testngpkg.Ebay -->
