<?xml version="1.0" encoding="UTF-8"?>
<!-- Generated by org.testng.reporters.JUnitReportReporter -->
<testsuite hostname="DESKTOP-ITDLIUM" failures="0" tests="1" name="testngpkg.Dragdrop" time="1.548" errors="0" timestamp="2023-11-14T12:44:08 IST" skipped="0">
  <testcase classname="testngpkg.Dragdrop" name="Test" time="1.548"/>
  <system-out/>
</testsuite> <!-- testngpkg.Dragdrop -->
