<?xml version="1.0" encoding="UTF-8"?>
<!-- Generated by org.testng.reporters.JUnitReportReporter -->
<testsuite hostname="DESKTOP-ITDLIUM" failures="0" tests="1" name="testngpkg.Copypaste" time="0.741" errors="0" timestamp="2023-11-14T11:50:32 IST" skipped="0">
  <testcase classname="testngpkg.Copypaste" name="Test" time="0.741"/>
  <system-out/>
</testsuite> <!-- testngpkg.Copypaste -->
